#
# A fatal error has been detected by the Java Runtime Environment:
#
#  EXCEPTION_ACCESS_VIOLATION (0xc0000005) at pc=0x0000000066d17e8b, pid=9540, tid=0x000000000000102c
#
# JRE version: Java(TM) SE Runtime Environment (8.0_271-b09) (build 1.8.0_271-b09)
# Java VM: Java HotSpot(TM) 64-Bit Server VM (25.271-b09 mixed mode windows-amd64 compressed oops)
# Problematic frame:
# V  [jvm.dll+0xd7e8b]
#
# Failed to write core dump. Minidumps are not enabled by default on client versions of Windows
#
# If you would like to submit a bug report, please visit:
#   http://bugreport.java.com/bugreport/crash.jsp
#

---------------  T H R E A D  ---------------

Current thread (0x000001f19c13b000):  JavaThread "main" [_thread_in_vm, id=4140, stack(0x000000269a500000,0x000000269a600000)]

siginfo: ExceptionCode=0xc0000005, reading address 0xffffffffffffffff

Registers:
RAX=0x4ad26103ffff0018, RBX=0x000001f1bc17f710, RCX=0x000001f1bc17f710, RDX=0x000001f19c192350
RSP=0x000000269a5fd350, RBP=0x000001f19c13b000, RSI=0x000000269a5fd6c0, RDI=0x000001f1bc17f710
R8 =0x000001f19c191fc0, R9 =0x0000000000000001, R10=0x000001f19c12bea0, R11=0x000000269a5fd6e8
R12=0x000001f19c191fc0, R13=0x000001f19c191fc0, R14=0x000001f19c191fc0, R15=0x000001f19c192350
RIP=0x0000000066d17e8b, EFLAGS=0x0000000000010206

Top of Stack: (sp=0x000000269a5fd350)
0x000000269a5fd350:   000001f19c13b000 00000007c0042bc8
0x000000269a5fd360:   00000007c0042bc8 000000006720861c
0x000000269a5fd370:   000001f19c192350 000000269a5fd6c0
0x000000269a5fd380:   000001f1bc17f710 0000000066d1a433
0x000000269a5fd390:   0000000000000000 000001f19c13b000
0x000000269a5fd3a0:   000001f19c13b000 000001f19c13b710
0x000000269a5fd3b0:   000000269a5fd401 0000000066f65f00
0x000000269a5fd3c0:   000001f19c13b000 000001f1badab998
0x000000269a5fd3d0:   000000269a5fd420 000001f1badab998
0x000000269a5fd3e0:   000001f1badab998 0000000066e7f3d5
0x000000269a5fd3f0:   000000269a5fd460 0000000066e4b447
0x000000269a5fd400:   000001f1badab998 00000000ffffffff
0x000000269a5fd410:   000000269a5fd460 000001f1badab998
0x000000269a5fd420:   000001f1badab998 000001f19c13b000
0x000000269a5fd430:   00000000ffffffff 0000000066e4c9f9
0x000000269a5fd440:   000000269a5fd4c0 0000000066c844d6 

Instructions: (pc=0x0000000066d17e8b)
0x0000000066d17e6b:   4d 8b f1 48 8b 6c 24 70 4d 8b f8 48 8b da 48 8b
0x0000000066d17e7b:   f1 41 b9 01 00 00 00 4d 8b c6 49 8b d7 48 8b cb
0x0000000066d17e8b:   ff 90 a0 00 00 00 83 7b 08 00 48 8b f8 0f 8d ea
0x0000000066d17e9b:   00 00 00 48 85 c0 74 16 48 8b 8d 40 01 00 00 48 


Register to memory mapping:

RAX=0x4ad26103ffff0018 is an unknown value
RBX=0x000001f1bc17f710 is an unknown value
RCX=0x000001f1bc17f710 is an unknown value
RDX=0x000001f19c192350 is an unknown value
RSP=0x000000269a5fd350 is pointing into the stack for thread: 0x000001f19c13b000
RBP=0x000001f19c13b000 is a thread
RSI=0x000000269a5fd6c0 is pointing into the stack for thread: 0x000001f19c13b000
RDI=0x000001f1bc17f710 is an unknown value
R8 =0x000001f19c191fc0 is an unknown value
R9 =0x0000000000000001 is an unknown value
R10=0x000001f19c12bea0 is an unknown value
R11=0x000000269a5fd6e8 is pointing into the stack for thread: 0x000001f19c13b000
R12=0x000001f19c191fc0 is an unknown value
R13=0x000001f19c191fc0 is an unknown value
R14=0x000001f19c191fc0 is an unknown value
R15=0x000001f19c192350 is an unknown value


Stack: [0x000000269a500000,0x000000269a600000],  sp=0x000000269a5fd350,  free space=1012k
Native frames: (J=compiled Java code, j=interpreted, Vv=VM code, C=native code)
V  [jvm.dll+0xd7e8b]
V  [jvm.dll+0xda433]
V  [jvm.dll+0xd7525]
V  [jvm.dll+0xdaf3e]
V  [jvm.dll+0xd969e]
V  [jvm.dll+0xd416d]
C  0x000001f19d9e6b86

Java frames: (J=compiled Java code, j=interpreted, Vv=VM code)
j  java.lang.StringCoding.decode(Ljava/lang/String;[BII)[C+116
j  java.lang.String.<init>([BIILjava/lang/String;)V+31
j  java.util.jar.Attributes.read(Ljava/util/jar/Manifest$FastInputStream;[B)V+292
j  java.util.jar.Manifest.read(Ljava/io/InputStream;)V+21
j  java.util.jar.Manifest.<init>(Ljava/util/jar/JarVerifier;Ljava/io/InputStream;)V+28
j  java.util.jar.Manifest.<init>(Ljava/io/InputStream;)V+3
j  java.util.jar.JarFile.getManifestFromReference()Ljava/util/jar/Manifest;+99
j  java.util.jar.JarFile.getManifest()Ljava/util/jar/Manifest;+1
j  sun.misc.URLClassPath$JarLoader$2.getManifest()Ljava/util/jar/Manifest;+22
j  java.net.URLClassLoader.defineClass(Ljava/lang/String;Lsun/misc/Resource;)Ljava/lang/Class;+34
j  java.net.URLClassLoader.access$100(Ljava/net/URLClassLoader;Ljava/lang/String;Lsun/misc/Resource;)Ljava/lang/Class;+3
j  java.net.URLClassLoader$1.run()Ljava/lang/Class;+43
j  java.net.URLClassLoader$1.run()Ljava/lang/Object;+1
v  ~StubRoutines::call_stub
j  java.security.AccessController.doPrivileged(Ljava/security/PrivilegedExceptionAction;Ljava/security/AccessControlContext;)Ljava/lang/Object;+0
j  java.net.URLClassLoader.findClass(Ljava/lang/String;)Ljava/lang/Class;+13
j  java.lang.ClassLoader.loadClass(Ljava/lang/String;Z)Ljava/lang/Class;+70
j  sun.misc.Launcher$AppClassLoader.loadClass(Ljava/lang/String;Z)Ljava/lang/Class;+81
j  java.lang.ClassLoader.loadClass(Ljava/lang/String;)Ljava/lang/Class;+3
j  sun.instrument.InstrumentationImpl.loadClassAndStartAgent(Ljava/lang/String;Ljava/lang/String;Ljava/lang/String;)V+8
j  sun.instrument.InstrumentationImpl.loadClassAndCallPremain(Ljava/lang/String;Ljava/lang/String;)V+5
v  ~StubRoutines::call_stub

---------------  P R O C E S S  ---------------

Java Threads: ( => current thread )
  0x000001f1bc191000 JavaThread "Attach Listener" daemon [_thread_blocked, id=13012, stack(0x000000269b200000,0x000000269b300000)]
  0x000001f1bc190800 JavaThread "Signal Dispatcher" daemon [_thread_blocked, id=18428, stack(0x000000269b100000,0x000000269b200000)]
  0x000001f1bc169000 JavaThread "Finalizer" daemon [_thread_blocked, id=18096, stack(0x000000269b000000,0x000000269b100000)]
  0x000001f1bc15a000 JavaThread "Reference Handler" daemon [_thread_blocked, id=20180, stack(0x000000269af00000,0x000000269b000000)]
=>0x000001f19c13b000 JavaThread "main" [_thread_in_vm, id=4140, stack(0x000000269a500000,0x000000269a600000)]

Other Threads:
  0x000001f1bc132800 VMThread [stack: 0x000000269ae00000,0x000000269af00000] [id=13476]

VM state:not at safepoint (normal execution)

VM Mutex/Monitor currently owned by a thread: None

heap address: 0x0000000642e00000, size: 6098 MB, Compressed Oops mode: Zero based, Oop shift amount: 3
Narrow klass base: 0x0000000000000000, Narrow klass shift: 3
Compressed class space size: 1073741824 Address: 0x00000007c0000000

Heap:
 PSYoungGen      total 114176K, used 1966K [0x0000000740f80000, 0x0000000748e80000, 0x00000007c0000000)
  eden space 98304K, 2% used [0x0000000740f80000,0x000000074116b860,0x0000000746f80000)
  from space 15872K, 0% used [0x0000000747f00000,0x0000000747f00000,0x0000000748e80000)
  to   space 15872K, 0% used [0x0000000746f80000,0x0000000746f80000,0x0000000747f00000)
 ParOldGen       total 261120K, used 0K [0x0000000642e00000, 0x0000000652d00000, 0x0000000740f80000)
  object space 261120K, 0% used [0x0000000642e00000,0x0000000642e00000,0x0000000652d00000)
 Metaspace       used 2429K, capacity 4480K, committed 4480K, reserved 1056768K
  class space    used 267K, capacity 384K, committed 384K, reserved 1048576K

Card table byte_map: [0x000001f1acd80000,0x000001f1ad970000] byte_map_base: 0x000001f1a9b69000

Marking Bits: (ParMarkBitMap*) 0x0000000067437fe0
 Begin Bits: [0x000001f1ae170000, 0x000001f1b40b8000)
 End Bits:   [0x000001f1b40b8000, 0x000001f1ba000000)

Polling page: 0x000001f19c0f0000

CodeCache: size=245760Kb used=444Kb max_used=444Kb free=245315Kb
 bounds [0x000001f19d9c0000, 0x000001f19dc30000, 0x000001f1ac9c0000]
 total_blobs=173 nmethods=0 adapters=139
 compilation: enabled

Compilation events (0 events):
No events

GC Heap History (0 events):
No events

Deoptimization events (0 events):
No events

Classes redefined (0 events):
No events

Internal exceptions (5 events):
Event: 0.023 Thread 0x000001f19c13b000 Exception <a 'java/lang/NoSuchMethodError': Method sun.misc.Unsafe.defineClass(Ljava/lang/String;[BII)Ljava/lang/Class; name or signature does not match> (0x0000000740f87cc0) thrown at [C:\jenkins\workspace\8-2-build-windows-amd64-cygwin\jdk8u271\605\hots
Event: 0.023 Thread 0x000001f19c13b000 Exception <a 'java/lang/NoSuchMethodError': Method sun.misc.Unsafe.prefetchRead(Ljava/lang/Object;J)V name or signature does not match> (0x0000000740f87fa8) thrown at [C:\jenkins\workspace\8-2-build-windows-amd64-cygwin\jdk8u271\605\hotspot\src\share\vm\p
Event: 0.057 Thread 0x000001f19c13b000 Exception <a 'java/util/zip/ZipException'> (0x000000074100d568) thrown at [C:\jenkins\workspace\8-2-build-windows-amd64-cygwin\jdk8u271\605\hotspot\src\share\vm\prims\jni.cpp, line 710]
Event: 0.057 Thread 0x000001f19c13b000 Exception <a 'java/security/PrivilegedActionException'> (0x000000074100dca0) thrown at [C:\jenkins\workspace\8-2-build-windows-amd64-cygwin\jdk8u271\605\hotspot\src\share\vm\prims\jvm.cpp, line 1512]
Event: 0.057 Thread 0x000001f19c13b000 Exception <a 'java/security/PrivilegedActionException'> (0x000000074100deb0) thrown at [C:\jenkins\workspace\8-2-build-windows-amd64-cygwin\jdk8u271\605\hotspot\src\share\vm\prims\jvm.cpp, line 1512]

Events (10 events):
Event: 0.058 loading class sun/misc/Resource done
Event: 0.058 loading class sun/misc/URLClassPath$JarLoader$2 done
Event: 0.058 loading class java/util/jar/Attributes
Event: 0.058 loading class java/util/jar/Attributes done
Event: 0.058 loading class java/util/jar/Manifest$FastInputStream
Event: 0.058 loading class java/util/jar/Manifest$FastInputStream done
Event: 0.058 loading class java/lang/StringCoding
Event: 0.059 loading class java/lang/StringCoding done
Event: 0.059 loading class java/lang/StringCoding$StringDecoder
Event: 0.059 loading class java/lang/StringCoding$StringDecoder done


Dynamic libraries:
0x00007ff671c90000 - 0x00007ff671cd7000 	C:\Program Files\Java\jdk1.8.0_271\bin\java.exe
0x00007ffc2e780000 - 0x00007ffc2e970000 	C:\Windows\SYSTEM32\ntdll.dll
0x00007ffc2e5b0000 - 0x00007ffc2e662000 	C:\Windows\System32\KERNEL32.DLL
0x00007ffc2c460000 - 0x00007ffc2c703000 	C:\Windows\System32\KERNELBASE.dll
0x00007ffc2da30000 - 0x00007ffc2dad3000 	C:\Windows\System32\ADVAPI32.dll
0x00007ffc2c900000 - 0x00007ffc2c99e000 	C:\Windows\System32\msvcrt.dll
0x00007ffc2e370000 - 0x00007ffc2e407000 	C:\Windows\System32\sechost.dll
0x00007ffc2d660000 - 0x00007ffc2d780000 	C:\Windows\System32\RPCRT4.dll
0x00007ffc2e410000 - 0x00007ffc2e5a3000 	C:\Windows\System32\USER32.dll
0x00007ffc2c060000 - 0x00007ffc2c081000 	C:\Windows\System32\win32u.dll
0x00007ffc2d620000 - 0x00007ffc2d646000 	C:\Windows\System32\GDI32.dll
0x00007ffc2b710000 - 0x00007ffc2b8a4000 	C:\Windows\System32\gdi32full.dll
0x00007ffc2c0e0000 - 0x00007ffc2c17e000 	C:\Windows\System32\msvcp_win.dll
0x00007ffc2c730000 - 0x00007ffc2c82a000 	C:\Windows\System32\ucrtbase.dll
0x00007ffc2adf0000 - 0x00007ffc2b075000 	C:\Windows\WinSxS\amd64_microsoft.windows.common-controls_6595b64144ccf1df_6.0.18362.267_none_e6c5adbd130e444d\COMCTL32.dll
0x00007ffc2d080000 - 0x00007ffc2d3b6000 	C:\Windows\System32\combase.dll
0x00007ffc2c180000 - 0x00007ffc2c200000 	C:\Windows\System32\bcryptPrimitives.dll
0x00007ffc2d820000 - 0x00007ffc2d84e000 	C:\Windows\System32\IMM32.DLL
0x00007ffc1a0b0000 - 0x00007ffc1a0c5000 	C:\Program Files\Java\jdk1.8.0_271\jre\bin\vcruntime140.dll
0x00007ffbfcd20000 - 0x00007ffbfcdbb000 	C:\Program Files\Java\jdk1.8.0_271\jre\bin\msvcp140.dll
0x0000000066c40000 - 0x00000000674af000 	C:\Program Files\Java\jdk1.8.0_271\jre\bin\server\jvm.dll
0x00007ffc2d780000 - 0x00007ffc2d788000 	C:\Windows\System32\PSAPI.DLL
0x00007ffc25fe0000 - 0x00007ffc25fe9000 	C:\Windows\SYSTEM32\WSOCK32.dll
0x00007ffc28c20000 - 0x00007ffc28c2a000 	C:\Windows\SYSTEM32\VERSION.dll
0x00007ffc25bb0000 - 0x00007ffc25bd4000 	C:\Windows\SYSTEM32\WINMM.dll
0x00007ffc2e670000 - 0x00007ffc2e6df000 	C:\Windows\System32\WS2_32.dll
0x00007ffc25b80000 - 0x00007ffc25bad000 	C:\Windows\SYSTEM32\winmmbase.dll
0x00007ffc2c090000 - 0x00007ffc2c0da000 	C:\Windows\System32\cfgmgr32.dll
0x00007ffc2b680000 - 0x00007ffc2b691000 	C:\Windows\System32\kernel.appcore.dll
0x00007ffc21f30000 - 0x00007ffc21f40000 	C:\Program Files\Java\jdk1.8.0_271\jre\bin\verify.dll
0x00007ffc06db0000 - 0x00007ffc06ddb000 	C:\Program Files\Java\jdk1.8.0_271\jre\bin\java.dll
0x00007ffc1a500000 - 0x00007ffc1a530000 	C:\Program Files\Java\jdk1.8.0_271\jre\bin\instrument.dll
0x00007ffc19ba0000 - 0x00007ffc19bb8000 	C:\Program Files\Java\jdk1.8.0_271\jre\bin\zip.dll
0x00007ffc2dc80000 - 0x00007ffc2e362000 	C:\Windows\System32\SHELL32.dll
0x00007ffc2d570000 - 0x00007ffc2d619000 	C:\Windows\System32\shcore.dll
0x00007ffc2b8b0000 - 0x00007ffc2c02c000 	C:\Windows\System32\windows.storage.dll
0x00007ffc2b660000 - 0x00007ffc2b67f000 	C:\Windows\System32\profapi.dll
0x00007ffc2b6a0000 - 0x00007ffc2b6ea000 	C:\Windows\System32\powrprof.dll
0x00007ffc2b650000 - 0x00007ffc2b660000 	C:\Windows\System32\UMPDC.dll
0x00007ffc2dc20000 - 0x00007ffc2dc72000 	C:\Windows\System32\shlwapi.dll
0x00007ffc2c710000 - 0x00007ffc2c727000 	C:\Windows\System32\cryptsp.dll
0x00007ffc2b170000 - 0x00007ffc2b364000 	C:\Windows\SYSTEM32\dbghelp.dll

VM Arguments:
jvm_args: -Dmaven.multiModuleProjectDirectory=C:\Users\Arouri.Nidhal\workspace\demo -Dmaven.home=C:\Program Files\JetBrains\IntelliJ IDEA 2020.3.2\plugins\maven\lib\maven3 -Dclassworlds.conf=C:\Program Files\JetBrains\IntelliJ IDEA 2020.3.2\plugins\maven\lib\maven3\bin\m2.conf -Dmaven.ext.class.path=C:\Program Files\JetBrains\IntelliJ IDEA 2020.3.2\plugins\maven\lib\maven-event-listener.jar -javaagent:C:\Program Files\JetBrains\IntelliJ IDEA 2020.3.2\lib\idea_rt.jar=65220:C:\Program Files\JetBrains\IntelliJ IDEA 2020.3.2\bin -Dfile.encoding=UTF-8 
java_command: org.codehaus.classworlds.Launcher -Didea.version=2020.3.2 package
java_class_path (initial): C:\Program Files\JetBrains\IntelliJ IDEA 2020.3.2\plugins\maven\lib\maven3\boot\plexus-classworlds-2.6.0.jar;C:\Program Files\JetBrains\IntelliJ IDEA 2020.3.2\plugins\maven\lib\maven3\boot\plexus-classworlds.license;C:\Program Files\JetBrains\IntelliJ IDEA 2020.3.2\lib\idea_rt.jar
Launcher Type: SUN_STANDARD

Environment Variables:
JAVA_HOME=C:\Program Files\Java\jdk1.8.0_271
PATH=C:\Program Files\AdoptOpenJDK\jdk-8.0.282.8-hotspot\bin;C:\Program Files (x86)\Common Files\Oracle\Java\javapath;C:\Windows\system32;C:\Windows;C:\Windows\System32\Wbem;C:\Windows\System32\WindowsPowerShell\v1.0\;C:\Windows\System32\OpenSSH\;C:\Program Files\Git\cmd;C:\Users\Arouri.Nidhal\AppData\Roaming\nvm;C:\Program Files\nodejs;C:\Program Files\Docker\Docker\resources\bin;C:\ProgramData\DockerDesktop\version-bin;C:\Program Files\JetBrains\IntelliJ IDEA 2020.3.2\bin;C:\apache-maven-3.6.3-bin\apache-maven-3.6.3\bin;C:\Users\Arouri.Nidhal\AppData\Local\Programs\Microsoft VS Code\bin;C:\Users\Arouri.Nidhal\AppData\Roaming\npm;C:\Users\Arouri.Nidhal\AppData\Roaming\nvm;C:\Program Files\nodejs;
USERNAME=Arouri.Nidhal
OS=Windows_NT
PROCESSOR_IDENTIFIER=Intel64 Family 6 Model 142 Stepping 12, GenuineIntel



---------------  S Y S T E M  ---------------

OS: Windows 10.0 , 64 bit Build 18362 (10.0.18362.86)

CPU:total 8 (initial active 8) (4 cores per cpu, 2 threads per core) family 6 model 142 stepping 12, cmov, cx8, fxsr, mmx, sse, sse2, sse3, ssse3, sse4.1, sse4.2, popcnt, avx, avx2, aes, clmul, erms, rtm, 3dnowpref, lzcnt, ht, tsc, tscinvbit, bmi1, bmi2, adx

Memory: 4k page, physical 24975832k(12918248k free), swap 28645848k(10500668k free)

vm_info: Java HotSpot(TM) 64-Bit Server VM (25.271-b09) for windows-amd64 JRE (1.8.0_271-b09), built on Sep 16 2020 19:14:59 by "" with MS VC++ 15.9 (VS2017)

time: Wed Mar 10 11:10:12 2021
timezone: Paris, Madrid
elapsed time: 0.066529 seconds (0d 0h 0m 0s)

